Build started 2016-04-22 오전 12:48:16.
     1>Project "C:\Users\성빈\C++\Study\Study\Study.vcxproj" on node 2 (Build target(s)).
     1>ClCompile:
         C:\Program Files (x86)\Microsoft Visual Studio 12.0\VC\bin\CL.exe /c /ZI /nologo /W3 /WX- /sdl /Od /Oy- /D WIN32 /D _DEBUG /D _CONSOLE /D _LIB /D _UNICODE /D UNICODE /Gm /EHsc /RTC1 /MDd /GS /fp:precise /Zc:wchar_t /Zc:forScope /Fo"Debug\\" /Fd"Debug\vc120.pdb" /Gd /TP /analyze- /errorReport:prompt 9.cpp
         9.cpp
       Link:
         C:\Program Files (x86)\Microsoft Visual Studio 12.0\VC\bin\link.exe /ERRORREPORT:PROMPT /OUT:"C:\Users\성빈\C++\Study\Debug\Study.exe" /INCREMENTAL /NOLOGO kernel32.lib user32.lib gdi32.lib winspool.lib comdlg32.lib advapi32.lib shell32.lib ole32.lib oleaut32.lib uuid.lib odbc32.lib odbccp32.lib /MANIFEST /MANIFESTUAC:"level='asInvoker' uiAccess='false'" /manifest:embed /DEBUG /PDB:"C:\Users\성빈\C++\Study\Debug\Study.pdb" /SUBSYSTEM:CONSOLE /TLBID:1 /DYNAMICBASE /NXCOMPAT /IMPLIB:"C:\Users\성빈\C++\Study\Debug\Study.lib" /MACHINE:X86 Debug\07_1_yun.obj
         Debug\1.obj
         Debug\2.obj
         Debug\3.obj
         Debug\4.obj
         Debug\07_2_yun.obj
         Debug\5.obj
         Debug\6.obj
         Debug\7.obj
         Debug\8.obj
         Debug\9.obj
         Study.vcxproj -> C:\Users\성빈\C++\Study\Debug\Study.exe
     1>Done Building Project "C:\Users\성빈\C++\Study\Study\Study.vcxproj" (Build target(s)).

Build succeeded.

Time Elapsed 00:00:00.89
